<?xml version="1.0" encoding="UTF-8"?>
<testng-results ignored="0" total="1" passed="1" failed="0" skipped="0">
  <reporter-output>
  </reporter-output>
  <suite started-at="2021-10-09T05:21:16 PDT" name="Suite" finished-at="2021-10-09T05:21:21 PDT" duration-ms="4786">
    <groups>
    </groups>
    <test started-at="2021-10-09T05:21:16 PDT" name="Test" finished-at="2021-10-09T05:21:21 PDT" duration-ms="4786">
      <class name="package2.NewTest">
        <test-method is-config="true" signature="beforeTest()[pri:0, instance:package2.NewTest@2a266d09]" started-at="2021-10-09T05:21:16 PDT" name="beforeTest" finished-at="2021-10-09T05:21:19 PDT" duration-ms="3131" status="PASS">
          <reporter-output>
          </reporter-output>
        </test-method> <!-- beforeTest -->
        <test-method signature="checkTitle()[pri:0, instance:package2.NewTest@2a266d09]" started-at="2021-10-09T05:21:19 PDT" name="checkTitle" finished-at="2021-10-09T05:21:20 PDT" duration-ms="382" status="PASS">
          <reporter-output>
          </reporter-output>
        </test-method> <!-- checkTitle -->
        <test-method is-config="true" signature="afterTest()[pri:0, instance:package2.NewTest@2a266d09]" started-at="2021-10-09T05:21:20 PDT" name="afterTest" finished-at="2021-10-09T05:21:21 PDT" duration-ms="1226" status="PASS">
          <reporter-output>
          </reporter-output>
        </test-method> <!-- afterTest -->
      </class> <!-- package2.NewTest -->
    </test> <!-- Test -->
  </suite> <!-- Suite -->
</testng-results>
