<?xml version="1.0" encoding="UTF-8"?>
<testng-results ignored="0" total="1" passed="1" failed="0" skipped="0">
  <reporter-output>
  </reporter-output>
  <suite started-at="2021-10-09T20:03:50 PDT" name="Default suite" finished-at="2021-10-09T20:03:56 PDT" duration-ms="6506">
    <groups>
    </groups>
    <test started-at="2021-10-09T20:03:50 PDT" name="Default test" finished-at="2021-10-09T20:03:56 PDT" duration-ms="6506">
      <class name="package2.NewTest">
        <test-method is-config="true" signature="beforeTest()[pri:0, instance:package2.NewTest@2892dae4]" started-at="2021-10-09T20:03:50 PDT" name="beforeTest" finished-at="2021-10-09T20:03:53 PDT" duration-ms="3304" status="PASS">
          <reporter-output>
          </reporter-output>
        </test-method> <!-- beforeTest -->
        <test-method signature="checkTitle()[pri:0, instance:package2.NewTest@2892dae4]" started-at="2021-10-09T20:03:53 PDT" name="checkTitle" finished-at="2021-10-09T20:03:54 PDT" duration-ms="1010" status="PASS">
          <reporter-output>
          </reporter-output>
        </test-method> <!-- checkTitle -->
        <test-method is-config="true" signature="afterTest()[pri:0, instance:package2.NewTest@2892dae4]" started-at="2021-10-09T20:03:54 PDT" name="afterTest" finished-at="2021-10-09T20:03:56 PDT" duration-ms="2107" status="PASS">
          <reporter-output>
          </reporter-output>
        </test-method> <!-- afterTest -->
      </class> <!-- package2.NewTest -->
    </test> <!-- Default test -->
  </suite> <!-- Default suite -->
</testng-results>
